2026-01-20 09:19:51,403 - INFO - Sophon SDK初始化成功，设备ID: 0
2026-01-20 09:19:52,050 - INFO - 网络尺寸: 640x640
2026-01-20 09:19:52,051 - INFO - 输入张量形状: [1, 3, 640, 640], 数据类型: Dtype.BM_FLOAT32
2026-01-20 09:19:52,052 - INFO - 输入缩放: 1.0, 缩放系数: [0.00392156862745098, 0.0, 0.00392156862745098, 0.0, 0.00392156862745098, 0.0]
2026-01-20 09:19:52,054 - INFO - 输出 output0_Concat_f32: [1, 6, 8400]
2026-01-20 09:19:52,054 - INFO - 模型加载成功: /data/pcb/det/pcb/models/yolov8s_186_f16.bmodel
2026-01-20 09:19:52,054 - INFO - 连接输入RTSP流: rtsp://192.168.1.195/video0
decoder ctor: filepath=rtsp://192.168.1.195/video0
[2026-01-20 09:19:52.057] [info] [cvwrapper.cpp:522] refcounted_frames: 1
[2026-01-20 09:19:52.057] [info] [cvwrapper.cpp:523] extra_frame_buffer_num:2
[2026-01-20 09:19:52.057] [info] [cvwrapper.cpp:524] rtsp_transport: tcp
[2026-01-20 09:19:52.057] [info] [cvwrapper.cpp:525] stimeout: 20000000
[2026-01-20 09:19:52.057] [info] [cvwrapper.cpp:526] rtsp_flags: prefer_tcp
[2026-01-20 09:19:52.057] [info] [cvwrapper.cpp:527] buffer_size: 1024000
[2026-01-20 09:19:52.057] [info] [cvwrapper.cpp:528] max_delay: 500000
[2026-01-20 09:19:52.057] [info] [cvwrapper.cpp:529] probesize: 0
[2026-01-20 09:19:52.057] [info] [cvwrapper.cpp:530] analyzeduration: 0
open filepath=rtsp://192.168.1.195/video0
interleave TCP based rtp used: 0, 1
[2026-01-20 09:19:53.204] [info] [decoder_multi.cpp:587] Add video: rtsp://192.168.1.195/video0, channel index: 0
2026-01-20 09:19:53,204 - INFO - 输入视频通道添加成功，通道索引: 0
2026-01-20 09:19:54,233 - INFO - 输入视频帧尺寸: [1, 3, 1080, 1920]
2026-01-20 09:19:54,234 - INFO - 输入视频帧率: 30.0
2026-01-20 09:19:54,235 - INFO - 开始检测循环...
[2026-01-20 09:19:54.235] [info] sail.Encoder: you are pushing a rtsp stream.
[2026-01-20 09:19:54.240] [info] encode params: width=1920
[2026-01-20 09:19:54.240] [info] encode params: height=1080
[2026-01-20 09:19:54.240] [info] encode params: bitrate=1500
[2026-01-20 09:19:54.240] [info] encode params: gop=16
[2026-01-20 09:19:54.240] [info] encode params: gop_preset=2
[2026-01-20 09:19:54.240] [info] encode params: framerate=15
2026-01-20 09:19:54,235 - INFO - === RTSP输出检测器已启动 ===
2026-01-20 09:19:54,252 - INFO - 输入流: rtsp://192.168.1.195/video0
2026-01-20 09:19:54,259 - INFO - 输出流: rtsp://192.168.1.214:8554/detection
2026-01-20 09:19:54,260 - INFO - 跳帧设置: 处理1帧，跳过2帧
2026-01-20 09:19:54,260 - INFO - 低延迟模式: True
2026-01-20 09:19:54,260 - INFO - 在VLC中打开输出流地址即可观看检测结果
2026-01-20 09:19:54,260 - INFO - 按 Ctrl+C 停止...
2026-01-20 09:19:54,260 - INFO - ========================================
interleave TCP based rtp used: 0, 1
[2026-01-20 09:19:54.261] [info] Need more frame for one packet
2026-01-20 09:19:54,421 - INFO - YOLOv8输出形状: (1, 6, 8400)
2026-01-20 09:19:54,423 - INFO - 原始输出的前几个值: [15.71875  21.078125 23.03125  26.96875  31.390625 39.8125   48.40625
 56.4375   64.375    72.4375  ]
2026-01-20 09:19:54,424 - INFO - 转置后形状: (1, 8400, 6)
2026-01-20 09:19:54,613 - INFO - YOLOv8输出形状: (1, 6, 8400)
2026-01-20 09:19:54,615 - INFO - 原始输出的前几个值: [15.71875  21.078125 23.03125  26.96875  31.390625 39.8125   48.40625
 56.4375   64.375    72.4375  ]
2026-01-20 09:19:54,615 - INFO - 转置后形状: (1, 8400, 6)
2026-01-20 09:19:54,814 - INFO - YOLOv8输出形状: (1, 6, 8400)
2026-01-20 09:19:54,816 - INFO - 原始输出的前几个值: [15.6875  21.03125 23.      26.96875 31.375   39.8125  48.375   56.4375
 64.375   72.5    ]
2026-01-20 09:19:54,816 - INFO - 转置后形状: (1, 8400, 6)
2026-01-20 09:19:55,014 - INFO - YOLOv8输出形状: (1, 6, 8400)
2026-01-20 09:19:55,016 - INFO - 原始输出的前几个值: [15.6875   21.046875 22.984375 26.96875  31.390625 39.8125   48.375
 56.4375   64.375    72.5     ]
2026-01-20 09:19:55,016 - INFO - 转置后形状: (1, 8400, 6)
2026-01-20 09:19:56,217 - INFO - 帧 30: 无检测目标
2026-01-20 09:19:56,262 - INFO - FPS: 15.4 | 检测: 30.6ms | 编码: 7.3ms | 处理率: 10/31
2026-01-20 09:19:58,219 - INFO - 帧 60: 无检测目标
2026-01-20 09:19:58,265 - INFO - FPS: 15.0 | 检测: 29.8ms | 编码: 7.3ms | 处理率: 10/30
2026-01-20 09:20:00,223 - INFO - 帧 90: 无检测目标
2026-01-20 09:20:00,269 - INFO - FPS: 15.0 | 检测: 29.4ms | 编码: 7.3ms | 处理率: 10/30
2026-01-20 09:20:02,228 - INFO - 帧 120: 无检测目标
2026-01-20 09:20:02,273 - INFO - FPS: 15.0 | 检测: 29.5ms | 编码: 7.2ms | 处理率: 10/30
2026-01-20 09:20:04,231 - INFO - 帧 150: 无检测目标
2026-01-20 09:20:04,277 - INFO - FPS: 15.0 | 检测: 29.4ms | 编码: 7.2ms | 处理率: 10/30
2026-01-20 09:20:06,235 - INFO - 帧 180: 检测到 1 个目标
2026-01-20 09:20:06,287 - INFO - FPS: 14.9 | 检测: 29.3ms | 编码: 7.2ms | 处理率: 10/30
2026-01-20 09:20:08,237 - INFO - 帧 210: 无检测目标
2026-01-20 09:20:08,350 - INFO - FPS: 15.0 | 检测: 29.2ms | 编码: 7.2ms | 处理率: 10/31
2026-01-20 09:20:10,241 - INFO - 帧 240: 检测到 1 个目标
2026-01-20 09:20:10,360 - INFO - FPS: 14.9 | 检测: 29.1ms | 编码: 7.2ms | 处理率: 10/30
2026-01-20 09:20:12,244 - INFO - 帧 270: 检测到 1 个目标
2026-01-20 09:20:12,363 - INFO - FPS: 15.0 | 检测: 29.1ms | 编码: 7.2ms | 处理率: 10/30
2026-01-20 09:20:14,247 - INFO - 帧 300: 无检测目标
2026-01-20 09:20:14,463 - INFO - FPS: 14.8 | 检测: 29.0ms | 编码: 7.2ms | 处理率: 11/31
2026-01-20 09:20:16,251 - INFO - 帧 330: 检测到 1 个目标
2026-01-20 09:20:16,466 - INFO - FPS: 15.0 | 检测: 29.0ms | 编码: 7.1ms | 处理率: 10/30
2026-01-20 09:20:18,254 - INFO - 帧 360: 无检测目标
2026-01-20 09:20:18,500 - INFO - FPS: 15.2 | 检测: 29.0ms | 编码: 7.2ms | 处理率: 10/31
2026-01-20 09:20:20,258 - INFO - 帧 390: 无检测目标
2026-01-20 09:20:20,503 - INFO - FPS: 15.0 | 检测: 29.1ms | 编码: 7.2ms | 处理率: 10/30
2026-01-20 09:20:22,261 - INFO - 帧 420: 无检测目标
2026-01-20 09:20:22,506 - INFO - FPS: 15.0 | 检测: 29.0ms | 编码: 7.2ms | 处理率: 10/30
2026-01-20 09:20:24,264 - INFO - 帧 450: 无检测目标
2026-01-20 09:20:24,510 - INFO - FPS: 15.0 | 检测: 29.0ms | 编码: 7.2ms | 处理率: 10/30
2026-01-20 09:20:26,269 - INFO - 帧 480: 无检测目标
2026-01-20 09:20:26,515 - INFO - FPS: 15.0 | 检测: 28.9ms | 编码: 7.2ms | 处理率: 10/30
2026-01-20 09:20:28,274 - INFO - 帧 510: 检测到 1 个目标
2026-01-20 09:20:28,527 - INFO - FPS: 14.9 | 检测: 29.0ms | 编码: 7.2ms | 处理率: 10/30
2026-01-20 09:20:30,276 - INFO - 帧 540: 无检测目标
2026-01-20 09:20:30,589 - INFO - FPS: 15.0 | 检测: 29.0ms | 编码: 7.2ms | 处理率: 10/31
2026-01-20 09:20:32,279 - INFO - 帧 570: 无检测目标
2026-01-20 09:20:32,592 - INFO - FPS: 15.0 | 检测: 29.0ms | 编码: 7.2ms | 处理率: 10/30
2026-01-20 09:20:34,283 - INFO - 帧 600: 无检测目标
